Chronologic VCS simulator copyright 1991-2020
Contains Synopsys proprietary information.
Compiler version Q-2020.03-SP1_Full64; Runtime version Q-2020.03-SP1_Full64;  Jun  3 08:07 2024
Doing SDF annotation ...... Done
bsg_acm_cell_tb.clk_gen_1 with cycle_time_p       10000
## WARNING: bsg_fsb_node_trace_replay will be DEPRECATED soon; please discontinue use (bsg_acm_cell_tb.trace_replay).
*Verdi* Loading libsscore_vcs202003.so
FSDB Dumper for VCS, Release Verdi_Q-2020.03-SP2-8, Linux x86_64/64bit, 08/31/2021
(C) 1996 - 2021 by Synopsys, Inc.
*Verdi* : Create FSDB file 'waveform.fsdb'
*Verdi* : Begin traversing the scopes, layer (0).
*Verdi* : End of traversing.
__________ ___________  _______________________________
\______   \\_   _____/ /   _____/\_   _____/\__    ___/
 |       _/ |    __)_  \_____  \  |    __)_   |    |   
 |    |   \ |        \ /        \ |        \  |    |  0->1 time =      50000
 |____|_  //_______  //_______  //_______  /  |____|   
 ASYNC  \/         \/         \/         \/            
__________ ___________  _______________________________
\______   \\_   _____/ /   _____/\_   _____/\__    ___/
 |       _/ |    __)_  \_____  \  |    __)_   |    |   
 |    |   \ |        \ /        \ |        \  |    |  1->0 time =     100000
 |____|_  //_______  //_______  //_______  /  |____|   
 ASYNC  \/         \/         \/         \/            
### bsg_fsb_node_trace_replay SEND          10'b0100000000 (bsg_acm_cell_tb.trace_replay.unnamed$$_0), time=              105000 uptime=
### bsg_fsb_node_trace_replay RECEIVE matched 001 (bsg_acm_cell_tb.trace_replay)
### bsg_fsb_node_trace_replay SEND          10'b1001000100 (bsg_acm_cell_tb.trace_replay.unnamed$$_0), time=              125000 uptime=
### bsg_fsb_node_trace_replay RECEIVE matched 001 (bsg_acm_cell_tb.trace_replay)
### bsg_fsb_node_trace_replay SEND          10'b0000000000 (bsg_acm_cell_tb.trace_replay.unnamed$$_0), time=              145000 uptime=
### bsg_fsb_node_trace_replay RECEIVE matched 000 (bsg_acm_cell_tb.trace_replay)
### bsg_fsb_node_trace_replay SEND          10'b1000000000 (bsg_acm_cell_tb.trace_replay.unnamed$$_0), time=              165000 uptime=
### bsg_fsb_node_trace_replay RECEIVE matched 000 (bsg_acm_cell_tb.trace_replay)
### bsg_fsb_node_trace_replay SEND          10'b1000000001 (bsg_acm_cell_tb.trace_replay.unnamed$$_0), time=              185000 uptime=
### bsg_fsb_node_trace_replay RECEIVE matched 000 (bsg_acm_cell_tb.trace_replay)
### bsg_fsb_node_trace_replay SEND          10'b1000000011 (bsg_acm_cell_tb.trace_replay.unnamed$$_0), time=              205000 uptime=
### bsg_fsb_node_trace_replay RECEIVE matched 000 (bsg_acm_cell_tb.trace_replay)
### bsg_fsb_node_trace_replay SEND          10'b1000111000 (bsg_acm_cell_tb.trace_replay.unnamed$$_0), time=              225000 uptime=
### bsg_fsb_node_trace_replay RECEIVE matched 001 (bsg_acm_cell_tb.trace_replay)
### bsg_fsb_node_trace_replay SEND          10'b0000000000 (bsg_acm_cell_tb.trace_replay.unnamed$$_0), time=              245000 uptime=
### bsg_fsb_node_trace_replay RECEIVE matched 000 (bsg_acm_cell_tb.trace_replay)
### bsg_fsb_node_trace_replay SEND          10'b1000111100 (bsg_acm_cell_tb.trace_replay.unnamed$$_0), time=              265000 uptime=
### bsg_fsb_node_trace_replay RECEIVE matched 000 (bsg_acm_cell_tb.trace_replay)
### bsg_fsb_node_trace_replay SEND          10'b1010111100 (bsg_acm_cell_tb.trace_replay.unnamed$$_0), time=              285000 uptime=
### bsg_fsb_node_trace_replay RECEIVE matched 000 (bsg_acm_cell_tb.trace_replay)
### bsg_fsb_node_trace_replay SEND          10'b1010111101 (bsg_acm_cell_tb.trace_replay.unnamed$$_0), time=              305000 uptime=
### bsg_fsb_node_trace_replay RECEIVE matched 000 (bsg_acm_cell_tb.trace_replay)
### bsg_fsb_node_trace_replay SEND          10'b1010111101 (bsg_acm_cell_tb.trace_replay.unnamed$$_0), time=              325000 uptime=
### bsg_fsb_node_trace_replay RECEIVE matched 000 (bsg_acm_cell_tb.trace_replay)
### bsg_fsb_node_trace_replay SEND          10'b1010111101 (bsg_acm_cell_tb.trace_replay.unnamed$$_0), time=              345000 uptime=
### bsg_fsb_node_trace_replay RECEIVE matched 000 (bsg_acm_cell_tb.trace_replay)
### bsg_fsb_node_trace_replay SEND          10'b0100000000 (bsg_acm_cell_tb.trace_replay.unnamed$$_0), time=              365000 uptime=
### bsg_fsb_node_trace_replay RECEIVE matched 001 (bsg_acm_cell_tb.trace_replay)
### bsg_fsb_node_trace_replay SEND          10'b1100000000 (bsg_acm_cell_tb.trace_replay.unnamed$$_0), time=              385000 uptime=
### bsg_fsb_node_trace_replay RECEIVE matched 000 (bsg_acm_cell_tb.trace_replay)
### bsg_fsb_node_trace_replay SEND          10'b0100000000 (bsg_acm_cell_tb.trace_replay.unnamed$$_0), time=              405000 uptime=
### bsg_fsb_node_trace_replay RECEIVE matched 001 (bsg_acm_cell_tb.trace_replay)
### bsg_fsb_node_trace_replay SEND          10'b1100000001 (bsg_acm_cell_tb.trace_replay.unnamed$$_0), time=              425000 uptime=
### bsg_fsb_node_trace_replay RECEIVE matched 000 (bsg_acm_cell_tb.trace_replay)
### bsg_fsb_node_trace_replay SEND          10'b0100000000 (bsg_acm_cell_tb.trace_replay.unnamed$$_0), time=              445000 uptime=
### bsg_fsb_node_trace_replay RECEIVE matched 001 (bsg_acm_cell_tb.trace_replay)
### bsg_fsb_node_trace_replay SEND          10'b1100000011 (bsg_acm_cell_tb.trace_replay.unnamed$$_0), time=              465000 uptime=
### bsg_fsb_node_trace_replay RECEIVE matched 001 (bsg_acm_cell_tb.trace_replay)
### bsg_fsb_node_trace_replay SEND          10'b1100111000 (bsg_acm_cell_tb.trace_replay.unnamed$$_0), time=              485000 uptime=
### bsg_fsb_node_trace_replay RECEIVE matched 001 (bsg_acm_cell_tb.trace_replay)
### bsg_fsb_node_trace_replay SEND          10'b1100111100 (bsg_acm_cell_tb.trace_replay.unnamed$$_0), time=              505000 uptime=
### bsg_fsb_node_trace_replay RECEIVE matched 000 (bsg_acm_cell_tb.trace_replay)
### bsg_fsb_node_trace_replay SEND          10'b0100000000 (bsg_acm_cell_tb.trace_replay.unnamed$$_0), time=              525000 uptime=
### bsg_fsb_node_trace_replay RECEIVE matched 001 (bsg_acm_cell_tb.trace_replay)
### bsg_fsb_node_trace_replay SEND          10'b1110111100 (bsg_acm_cell_tb.trace_replay.unnamed$$_0), time=              545000 uptime=
### bsg_fsb_node_trace_replay RECEIVE matched 000 (bsg_acm_cell_tb.trace_replay)
### bsg_fsb_node_trace_replay SEND          10'b0100000000 (bsg_acm_cell_tb.trace_replay.unnamed$$_0), time=              565000 uptime=
### bsg_fsb_node_trace_replay RECEIVE matched 001 (bsg_acm_cell_tb.trace_replay)
### bsg_fsb_node_trace_replay SEND          10'b1110111101 (bsg_acm_cell_tb.trace_replay.unnamed$$_0), time=              585000 uptime=
### bsg_fsb_node_trace_replay RECEIVE matched 000 (bsg_acm_cell_tb.trace_replay)
### bsg_fsb_node_trace_replay SEND          10'b0100000000 (bsg_acm_cell_tb.trace_replay.unnamed$$_0), time=              605000 uptime=
### bsg_fsb_node_trace_replay RECEIVE matched 001 (bsg_acm_cell_tb.trace_replay)
### bsg_fsb_node_trace_replay SEND          10'b1110111101 (bsg_acm_cell_tb.trace_replay.unnamed$$_0), time=              625000 uptime=
### bsg_fsb_node_trace_replay RECEIVE matched 000 (bsg_acm_cell_tb.trace_replay)
### bsg_fsb_node_trace_replay SEND          10'b0100000000 (bsg_acm_cell_tb.trace_replay.unnamed$$_0), time=              645000 uptime=
### bsg_fsb_node_trace_replay RECEIVE matched 001 (bsg_acm_cell_tb.trace_replay)
### bsg_fsb_node_trace_replay SEND          10'b1110111101 (bsg_acm_cell_tb.trace_replay.unnamed$$_0), time=              665000 uptime=
### bsg_fsb_node_trace_replay RECEIVE matched 000 (bsg_acm_cell_tb.trace_replay)
### bsg_fsb_node_trace_replay SEND          10'b0000000000 (bsg_acm_cell_tb.trace_replay.unnamed$$_0), time=              685000 uptime=
### bsg_fsb_node_trace_replay RECEIVE matched 000 (bsg_acm_cell_tb.trace_replay)
############################################################################
###### bsg_fsb_node_trace_replay FINISH (trace finished; CALLING $finish) (bsg_acm_cell_tb.trace_replay)
############################################################################
$finish called from file "/home/wuc29/ee526/Arnolds-Cat-Map-Image-Encryption/ASIC/basejump_stl/bsg_fsb/bsg_fsb_node_trace_replay.v", line 225.
$finish at simulation time               705000
           V C S   S i m u l a t i o n   R e p o r t 
Time: 705000 ps
CPU Time:      0.410 seconds;       Data structure size:   0.0Mb
Mon Jun  3 08:07:36 2024
