============================================================
  Generated by:           Genus(TM) Synthesis Solution 21.12-s068_1
  Generated on:           Jun 03 2024  08:05:07 am
  Module:                 bsg_acm_cell
  Library domain:         ss_100C_1v60.setup_cond
    Domain index:         0
    Technology library:   sky130_fd_sc_hd__ss_100C_1v60 1.0000000000
  Operating conditions:   ss_100C_1v60 
  Interconnect mode:      global
  Area mode:              physical library
============================================================

                                                Leakage                                   Library 
           Gate            Instances   Area   Power (nW)              Library              Domain 
--------------------------------------------------------------------------------------------------
sky130_fd_sc_hd__conb_1            1    3.754      0.003    sky130_fd_sc_hd__ss_100C_1v60       0 
sky130_fd_sc_hd__dfxtp_1           1   20.019     14.419    sky130_fd_sc_hd__ss_100C_1v60       0 
sky130_fd_sc_hd__fa_1              1   20.019     10.054    sky130_fd_sc_hd__ss_100C_1v60       0 
sky130_fd_sc_hd__ha_1              9  112.608     84.647    sky130_fd_sc_hd__ss_100C_1v60       0 
sky130_fd_sc_hd__mux2i_1           1   10.010      5.298    sky130_fd_sc_hd__ss_100C_1v60       0 
sky130_fd_sc_hd__o211ai_1          1    7.507      1.026    sky130_fd_sc_hd__ss_100C_1v60       0 
sky130_fd_sc_hd__o22ai_1           1    6.256      2.040    sky130_fd_sc_hd__ss_100C_1v60       0 
sky130_fd_sc_hd__or2_1             2   12.512      7.911    sky130_fd_sc_hd__ss_100C_1v60       0 
sky130_fd_sc_hd__xor2_1            2   17.517     14.043    sky130_fd_sc_hd__ss_100C_1v60       0 
--------------------------------------------------------------------------------------------------
total                             19  210.202    139.440                                  


                                          Leakage  Leakage 
     Type      Instances   Area  Area % Power (nW) Power % 
-----------------------------------------------------------
sequential             1  20.019    9.5     14.419    10.3 
logic                 18 190.182   90.5    125.021    89.7 
physical_cells         0   0.000    0.0      0.000     0.0 
-----------------------------------------------------------
total                 19 210.202  100.0    139.440   100.0 

