

Working Directory = /home/wuc29/ee526/Arnolds-Cat-Map-Image-Encryption/ASIC/encryptor/bsg_acm_cell/build/syn-rundir
QoS Summary for bsg_acm_cell
================================================================================
Metric                          final          
================================================================================
Slack (ps):                     1,011
  R2R (ps):                     8,144
  I2R (ps):                     1,011
  R2O (ps):                     4,136
  I2O (ps):                  no_value
  CG  (ps):                  no_value
TNS (ps):                           0
  R2R (ps):                         0
  I2R (ps):                         0
  R2O (ps):                         0
  I2O (ps):                  no_value
  CG  (ps):                  no_value
Failing Paths:                      0
Cell Area:                        210
Total Cell Area:                  210
Leaf Instances:                    19
Total Instances:                   19
Utilization (%):                 0.00
Tot. Net Length (um):        no_value
Avg. Net Length (um):        no_value
Route Overflow H (%):        no_value
Route Overflow V (%):        no_value
MBCI(%) (bits/gate) :            0.00
Norm Cong Hotspot Area:
  Max Cong:                  no_value
  Tot Cong:                  no_value
================================================================================
CPU  Runtime (h:m:s):        00:00:08
Real Runtime (h:m:s):        00:00:09
CPU  Elapsed (h:m:s):        00:00:13
Real Elapsed (h:m:s):        00:00:12
Memory (MB):                  1170.00
================================================================================
================================================================================
Flow Settings:
================================================================================
Total Runtime (h:m:s): 00:00:09
Total Memory (MB):     1170.00
Executable Version:    21.12-s068_1
================================================================================
Total Cell Area =  Cell Area + Physical Cell Area
Total Instances =  Leaf Instances + Physical Instances


