============================================================
  Generated by:           Genus(TM) Synthesis Solution 21.12-s068_1
  Generated on:           Jun 03 2024  08:05:06 am
  Module:                 bsg_acm_cell
  Library domain:         ss_100C_1v60.setup_cond
    Domain index:         0
    Technology library:   sky130_fd_sc_hd__ss_100C_1v60 1.0000000000
  Operating conditions:   ss_100C_1v60 
  Interconnect mode:      global
  Area mode:              physical library
============================================================

Timing
--------

     Analysis view      Clock  Period 
--------------------------------------
ss_100C_1v60.setup_view clk   10000.0 


        Analysis          Cost   Critical        Violating 
          View           Group  Path Slack  TNS    Paths   
-----------------------------------------------------------
ss_100C_1v60.setup_view     clk     1010.6  0.0          0 
                        default   No paths  0.0          0 
-----------------------------------------------------------
Total                                      -0.0          0 
                                                           

Instance Count
--------------
Leaf Instance Count             19 
Physical Instance count          0 
Sequential Instance Count        1 
Combinational Instance Count    18 
Hierarchical Instance Count      3 

Area
----
Cell Area                          210.202
Physical Cell Area                 0.000
Total Cell Area (Cell+Physical)    210.202
Net Area                           137.316
Total Area (Cell+Physical+Net)     347.518

Runtime                            0.0 seconds
Elapsed Runtime                    17 seconds
Genus peak memory usage            1170.00 
Innovus peak memory usage          no_value 
Hostname                           linux-lab-049.ece.uw.edu
