                         Chronologic VCS (TM)
       Version Q-2020.03-SP1_Full64 -- Mon Jun  3 08:53:18 2024
               Copyright (c) 1991-2020 by Synopsys Inc.
                         ALL RIGHTS RESERVED

This program is proprietary and confidential information of Synopsys Inc.
and may be used and disclosed only as authorized in a license agreement
controlling such use and disclosure.

Parsing design file '../common/v/bsg_guts.vh'
Parsing design file '/home/wuc29/ee526/Arnolds-Cat-Map-Image-Encryption/ASIC/basejump_stl/bsg_misc/bsg_defines.v'
Parsing design file '/home/wuc29/ee526/Arnolds-Cat-Map-Image-Encryption/ASIC/basejump_stl/bsg_fsb/bsg_fsb_pkg.v'
Parsing design file '/home/wuc29/ee526/Arnolds-Cat-Map-Image-Encryption/ASIC/basejump_stl/bsg_noc/bsg_noc_links.vh'
Parsing design file '/home/wuc29/ee526/Arnolds-Cat-Map-Image-Encryption/ASIC/basejump_stl/bsg_noc/bsg_noc_pkg.v'
Parsing design file '/home/wuc29/ee526/Arnolds-Cat-Map-Image-Encryption/ASIC/basejump_stl/bsg_noc/bsg_mesh_router_pkg.v'
Parsing design file '/home/wuc29/ee526/Arnolds-Cat-Map-Image-Encryption/ASIC/basejump_stl/bsg_misc/bsg_counter_overflow_set_en.v'
Parsing included file '/home/wuc29/ee526/Arnolds-Cat-Map-Image-Encryption/ASIC/basejump_stl/bsg_misc/bsg_defines.v'.
Back to file '/home/wuc29/ee526/Arnolds-Cat-Map-Image-Encryption/ASIC/basejump_stl/bsg_misc/bsg_counter_overflow_set_en.v'.
Parsing design file '/home/wuc29/ee526/Arnolds-Cat-Map-Image-Encryption/ASIC/basejump_stl/bsg_misc/bsg_concentrate_static.v'
Parsing included file '/home/wuc29/ee526/Arnolds-Cat-Map-Image-Encryption/ASIC/basejump_stl/bsg_misc/bsg_defines.v'.
Back to file '/home/wuc29/ee526/Arnolds-Cat-Map-Image-Encryption/ASIC/basejump_stl/bsg_misc/bsg_concentrate_static.v'.
Parsing design file '/home/wuc29/ee526/Arnolds-Cat-Map-Image-Encryption/ASIC/basejump_stl/bsg_misc/bsg_unconcentrate_static.v'
Parsing included file '/home/wuc29/ee526/Arnolds-Cat-Map-Image-Encryption/ASIC/basejump_stl/bsg_misc/bsg_defines.v'.
Back to file '/home/wuc29/ee526/Arnolds-Cat-Map-Image-Encryption/ASIC/basejump_stl/bsg_misc/bsg_unconcentrate_static.v'.
Parsing design file '/home/wuc29/ee526/Arnolds-Cat-Map-Image-Encryption/ASIC/basejump_stl/bsg_misc/bsg_counter_set_down.v'
Parsing included file '/home/wuc29/ee526/Arnolds-Cat-Map-Image-Encryption/ASIC/basejump_stl/bsg_misc/bsg_defines.v'.
Back to file '/home/wuc29/ee526/Arnolds-Cat-Map-Image-Encryption/ASIC/basejump_stl/bsg_misc/bsg_counter_set_down.v'.
Parsing design file '/home/wuc29/ee526/Arnolds-Cat-Map-Image-Encryption/ASIC/basejump_stl/bsg_misc/bsg_array_concentrate_static.v'
Parsing included file '/home/wuc29/ee526/Arnolds-Cat-Map-Image-Encryption/ASIC/basejump_stl/bsg_misc/bsg_defines.v'.
Back to file '/home/wuc29/ee526/Arnolds-Cat-Map-Image-Encryption/ASIC/basejump_stl/bsg_misc/bsg_array_concentrate_static.v'.
Parsing design file '/home/wuc29/ee526/Arnolds-Cat-Map-Image-Encryption/ASIC/basejump_stl/bsg_noc/bsg_wormhole_router_pkg.v'
Parsing included file '/home/wuc29/ee526/Arnolds-Cat-Map-Image-Encryption/ASIC/basejump_stl/bsg_misc/bsg_defines.v'.
Back to file '/home/wuc29/ee526/Arnolds-Cat-Map-Image-Encryption/ASIC/basejump_stl/bsg_noc/bsg_wormhole_router_pkg.v'.
Parsing design file '/home/wuc29/ee526/Arnolds-Cat-Map-Image-Encryption/ASIC/basejump_stl/bsg_noc/bsg_wormhole_router.v'
Parsing included file '/home/wuc29/ee526/Arnolds-Cat-Map-Image-Encryption/ASIC/basejump_stl/bsg_misc/bsg_defines.v'.
Back to file '/home/wuc29/ee526/Arnolds-Cat-Map-Image-Encryption/ASIC/basejump_stl/bsg_noc/bsg_wormhole_router.v'.
Parsing included file '/home/wuc29/ee526/Arnolds-Cat-Map-Image-Encryption/ASIC/basejump_stl/bsg_noc/bsg_noc_links.vh'.
Back to file '/home/wuc29/ee526/Arnolds-Cat-Map-Image-Encryption/ASIC/basejump_stl/bsg_noc/bsg_wormhole_router.v'.
Parsing included file '/home/wuc29/ee526/Arnolds-Cat-Map-Image-Encryption/ASIC/basejump_stl/bsg_noc/bsg_wormhole_router.vh'.
Back to file '/home/wuc29/ee526/Arnolds-Cat-Map-Image-Encryption/ASIC/basejump_stl/bsg_noc/bsg_wormhole_router.v'.
Parsing design file '/home/wuc29/ee526/Arnolds-Cat-Map-Image-Encryption/ASIC/basejump_stl/bsg_noc/bsg_ready_and_link_async_to_wormhole.v'
Parsing included file '/home/wuc29/ee526/Arnolds-Cat-Map-Image-Encryption/ASIC/basejump_stl/bsg_misc/bsg_defines.v'.
Back to file '/home/wuc29/ee526/Arnolds-Cat-Map-Image-Encryption/ASIC/basejump_stl/bsg_noc/bsg_ready_and_link_async_to_wormhole.v'.
Parsing included file '/home/wuc29/ee526/Arnolds-Cat-Map-Image-Encryption/ASIC/basejump_stl/bsg_noc/bsg_noc_links.vh'.
Back to file '/home/wuc29/ee526/Arnolds-Cat-Map-Image-Encryption/ASIC/basejump_stl/bsg_noc/bsg_ready_and_link_async_to_wormhole.v'.
Parsing included file '/home/wuc29/ee526/Arnolds-Cat-Map-Image-Encryption/ASIC/basejump_stl/bsg_noc/bsg_wormhole_router.vh'.
Back to file '/home/wuc29/ee526/Arnolds-Cat-Map-Image-Encryption/ASIC/basejump_stl/bsg_noc/bsg_ready_and_link_async_to_wormhole.v'.
Parsing design file '/home/wuc29/ee526/Arnolds-Cat-Map-Image-Encryption/ASIC/basejump_stl/bsg_noc/bsg_wormhole_router_decoder_dor.v'
Parsing included file '/home/wuc29/ee526/Arnolds-Cat-Map-Image-Encryption/ASIC/basejump_stl/bsg_misc/bsg_defines.v'.
Back to file '/home/wuc29/ee526/Arnolds-Cat-Map-Image-Encryption/ASIC/basejump_stl/bsg_noc/bsg_wormhole_router_decoder_dor.v'.
Parsing design file '/home/wuc29/ee526/Arnolds-Cat-Map-Image-Encryption/ASIC/basejump_stl/bsg_noc/bsg_wormhole_router_input_control.v'
Parsing included file '/home/wuc29/ee526/Arnolds-Cat-Map-Image-Encryption/ASIC/basejump_stl/bsg_misc/bsg_defines.v'.
Back to file '/home/wuc29/ee526/Arnolds-Cat-Map-Image-Encryption/ASIC/basejump_stl/bsg_noc/bsg_wormhole_router_input_control.v'.
Parsing design file '/home/wuc29/ee526/Arnolds-Cat-Map-Image-Encryption/ASIC/basejump_stl/bsg_noc/bsg_wormhole_router_output_control.v'
Parsing included file '/home/wuc29/ee526/Arnolds-Cat-Map-Image-Encryption/ASIC/basejump_stl/bsg_misc/bsg_defines.v'.
Back to file '/home/wuc29/ee526/Arnolds-Cat-Map-Image-Encryption/ASIC/basejump_stl/bsg_noc/bsg_wormhole_router_output_control.v'.
Parsing design file '/home/wuc29/ee526/Arnolds-Cat-Map-Image-Encryption/ASIC/basejump_stl/bsg_async/bsg_async_credit_counter.v'
Parsing included file '/home/wuc29/ee526/Arnolds-Cat-Map-Image-Encryption/ASIC/basejump_stl/bsg_misc/bsg_defines.v'.
Back to file '/home/wuc29/ee526/Arnolds-Cat-Map-Image-Encryption/ASIC/basejump_stl/bsg_async/bsg_async_credit_counter.v'.
Parsing design file '/home/wuc29/ee526/Arnolds-Cat-Map-Image-Encryption/ASIC/basejump_stl/bsg_async/bsg_async_fifo.v'
Parsing included file '/home/wuc29/ee526/Arnolds-Cat-Map-Image-Encryption/ASIC/basejump_stl/bsg_misc/bsg_defines.v'.
Back to file '/home/wuc29/ee526/Arnolds-Cat-Map-Image-Encryption/ASIC/basejump_stl/bsg_async/bsg_async_fifo.v'.
Parsing design file '/home/wuc29/ee526/Arnolds-Cat-Map-Image-Encryption/ASIC/basejump_stl/bsg_async/bsg_async_ptr_gray.v'
Parsing included file '/home/wuc29/ee526/Arnolds-Cat-Map-Image-Encryption/ASIC/basejump_stl/bsg_misc/bsg_defines.v'.
Back to file '/home/wuc29/ee526/Arnolds-Cat-Map-Image-Encryption/ASIC/basejump_stl/bsg_async/bsg_async_ptr_gray.v'.
Parsing design file '/home/wuc29/ee526/Arnolds-Cat-Map-Image-Encryption/ASIC/basejump_stl/bsg_async/bsg_launch_sync_sync.v'
Parsing included file '/home/wuc29/ee526/Arnolds-Cat-Map-Image-Encryption/ASIC/basejump_stl/bsg_misc/bsg_defines.v'.
Back to file '/home/wuc29/ee526/Arnolds-Cat-Map-Image-Encryption/ASIC/basejump_stl/bsg_async/bsg_launch_sync_sync.v'.
Parsing design file '/home/wuc29/ee526/Arnolds-Cat-Map-Image-Encryption/ASIC/basejump_stl/bsg_async/bsg_sync_sync.v'
Parsing included file '/home/wuc29/ee526/Arnolds-Cat-Map-Image-Encryption/ASIC/basejump_stl/bsg_misc/bsg_defines.v'.
Back to file '/home/wuc29/ee526/Arnolds-Cat-Map-Image-Encryption/ASIC/basejump_stl/bsg_async/bsg_sync_sync.v'.
Parsing design file '/home/wuc29/ee526/Arnolds-Cat-Map-Image-Encryption/ASIC/basejump_stl/bsg_dataflow/bsg_1_to_n_tagged.v'
Parsing included file '/home/wuc29/ee526/Arnolds-Cat-Map-Image-Encryption/ASIC/basejump_stl/bsg_misc/bsg_defines.v'.
Back to file '/home/wuc29/ee526/Arnolds-Cat-Map-Image-Encryption/ASIC/basejump_stl/bsg_dataflow/bsg_1_to_n_tagged.v'.
Parsing design file '/home/wuc29/ee526/Arnolds-Cat-Map-Image-Encryption/ASIC/basejump_stl/bsg_dataflow/bsg_1_to_n_tagged_fifo.v'
Parsing included file '/home/wuc29/ee526/Arnolds-Cat-Map-Image-Encryption/ASIC/basejump_stl/bsg_misc/bsg_defines.v'.
Back to file '/home/wuc29/ee526/Arnolds-Cat-Map-Image-Encryption/ASIC/basejump_stl/bsg_dataflow/bsg_1_to_n_tagged_fifo.v'.
Parsing design file '/home/wuc29/ee526/Arnolds-Cat-Map-Image-Encryption/ASIC/basejump_stl/bsg_dataflow/bsg_channel_narrow.v'
Parsing included file '/home/wuc29/ee526/Arnolds-Cat-Map-Image-Encryption/ASIC/basejump_stl/bsg_misc/bsg_defines.v'.
Back to file '/home/wuc29/ee526/Arnolds-Cat-Map-Image-Encryption/ASIC/basejump_stl/bsg_dataflow/bsg_channel_narrow.v'.
Parsing design file '/home/wuc29/ee526/Arnolds-Cat-Map-Image-Encryption/ASIC/basejump_stl/bsg_dataflow/bsg_channel_tunnel.v'
Parsing included file '/home/wuc29/ee526/Arnolds-Cat-Map-Image-Encryption/ASIC/basejump_stl/bsg_misc/bsg_defines.v'.
Back to file '/home/wuc29/ee526/Arnolds-Cat-Map-Image-Encryption/ASIC/basejump_stl/bsg_dataflow/bsg_channel_tunnel.v'.
Parsing design file '/home/wuc29/ee526/Arnolds-Cat-Map-Image-Encryption/ASIC/basejump_stl/bsg_dataflow/bsg_channel_tunnel_in.v'
Parsing included file '/home/wuc29/ee526/Arnolds-Cat-Map-Image-Encryption/ASIC/basejump_stl/bsg_misc/bsg_defines.v'.
Back to file '/home/wuc29/ee526/Arnolds-Cat-Map-Image-Encryption/ASIC/basejump_stl/bsg_dataflow/bsg_channel_tunnel_in.v'.
Parsing design file '/home/wuc29/ee526/Arnolds-Cat-Map-Image-Encryption/ASIC/basejump_stl/bsg_dataflow/bsg_channel_tunnel_out.v'
Parsing included file '/home/wuc29/ee526/Arnolds-Cat-Map-Image-Encryption/ASIC/basejump_stl/bsg_misc/bsg_defines.v'.
Back to file '/home/wuc29/ee526/Arnolds-Cat-Map-Image-Encryption/ASIC/basejump_stl/bsg_dataflow/bsg_channel_tunnel_out.v'.
Parsing design file '/home/wuc29/ee526/Arnolds-Cat-Map-Image-Encryption/ASIC/basejump_stl/bsg_dataflow/bsg_fifo_1r1w_narrowed.v'
Parsing included file '/home/wuc29/ee526/Arnolds-Cat-Map-Image-Encryption/ASIC/basejump_stl/bsg_misc/bsg_defines.v'.
Back to file '/home/wuc29/ee526/Arnolds-Cat-Map-Image-Encryption/ASIC/basejump_stl/bsg_dataflow/bsg_fifo_1r1w_narrowed.v'.
Parsing design file '/home/wuc29/ee526/Arnolds-Cat-Map-Image-Encryption/ASIC/basejump_stl/bsg_dataflow/bsg_fifo_1r1w_pseudo_large.v'
Parsing included file '/home/wuc29/ee526/Arnolds-Cat-Map-Image-Encryption/ASIC/basejump_stl/bsg_misc/bsg_defines.v'.
Back to file '/home/wuc29/ee526/Arnolds-Cat-Map-Image-Encryption/ASIC/basejump_stl/bsg_dataflow/bsg_fifo_1r1w_pseudo_large.v'.
Parsing design file '/home/wuc29/ee526/Arnolds-Cat-Map-Image-Encryption/ASIC/basejump_stl/bsg_dataflow/bsg_fifo_1r1w_small.v'
Parsing included file '/home/wuc29/ee526/Arnolds-Cat-Map-Image-Encryption/ASIC/basejump_stl/bsg_misc/bsg_defines.v'.
Back to file '/home/wuc29/ee526/Arnolds-Cat-Map-Image-Encryption/ASIC/basejump_stl/bsg_dataflow/bsg_fifo_1r1w_small.v'.
Parsing design file '/home/wuc29/ee526/Arnolds-Cat-Map-Image-Encryption/ASIC/basejump_stl/bsg_dataflow/bsg_fifo_1r1w_small_hardened.v'
Parsing included file '/home/wuc29/ee526/Arnolds-Cat-Map-Image-Encryption/ASIC/basejump_stl/bsg_misc/bsg_defines.v'.
Back to file '/home/wuc29/ee526/Arnolds-Cat-Map-Image-Encryption/ASIC/basejump_stl/bsg_dataflow/bsg_fifo_1r1w_small_hardened.v'.
Parsing design file '/home/wuc29/ee526/Arnolds-Cat-Map-Image-Encryption/ASIC/basejump_stl/bsg_dataflow/bsg_fifo_1r1w_small_unhardened.v'
Parsing included file '/home/wuc29/ee526/Arnolds-Cat-Map-Image-Encryption/ASIC/basejump_stl/bsg_misc/bsg_defines.v'.
Back to file '/home/wuc29/ee526/Arnolds-Cat-Map-Image-Encryption/ASIC/basejump_stl/bsg_dataflow/bsg_fifo_1r1w_small_unhardened.v'.
Parsing design file '/home/wuc29/ee526/Arnolds-Cat-Map-Image-Encryption/ASIC/basejump_stl/bsg_dataflow/bsg_fifo_1rw_large.v'
Parsing included file '/home/wuc29/ee526/Arnolds-Cat-Map-Image-Encryption/ASIC/basejump_stl/bsg_misc/bsg_defines.v'.
Back to file '/home/wuc29/ee526/Arnolds-Cat-Map-Image-Encryption/ASIC/basejump_stl/bsg_dataflow/bsg_fifo_1rw_large.v'.
Parsing design file '/home/wuc29/ee526/Arnolds-Cat-Map-Image-Encryption/ASIC/basejump_stl/bsg_dataflow/bsg_fifo_tracker.v'
Parsing included file '/home/wuc29/ee526/Arnolds-Cat-Map-Image-Encryption/ASIC/basejump_stl/bsg_misc/bsg_defines.v'.
Back to file '/home/wuc29/ee526/Arnolds-Cat-Map-Image-Encryption/ASIC/basejump_stl/bsg_dataflow/bsg_fifo_tracker.v'.
Parsing design file '/home/wuc29/ee526/Arnolds-Cat-Map-Image-Encryption/ASIC/basejump_stl/bsg_dataflow/bsg_flatten_2D_array.v'
Parsing included file '/home/wuc29/ee526/Arnolds-Cat-Map-Image-Encryption/ASIC/basejump_stl/bsg_misc/bsg_defines.v'.
Back to file '/home/wuc29/ee526/Arnolds-Cat-Map-Image-Encryption/ASIC/basejump_stl/bsg_dataflow/bsg_flatten_2D_array.v'.
Parsing design file '/home/wuc29/ee526/Arnolds-Cat-Map-Image-Encryption/ASIC/basejump_stl/bsg_dataflow/bsg_make_2D_array.v'
Parsing included file '/home/wuc29/ee526/Arnolds-Cat-Map-Image-Encryption/ASIC/basejump_stl/bsg_misc/bsg_defines.v'.
Back to file '/home/wuc29/ee526/Arnolds-Cat-Map-Image-Encryption/ASIC/basejump_stl/bsg_dataflow/bsg_make_2D_array.v'.
Parsing design file '/home/wuc29/ee526/Arnolds-Cat-Map-Image-Encryption/ASIC/basejump_stl/bsg_dataflow/bsg_one_fifo.v'
Parsing included file '/home/wuc29/ee526/Arnolds-Cat-Map-Image-Encryption/ASIC/basejump_stl/bsg_misc/bsg_defines.v'.
Back to file '/home/wuc29/ee526/Arnolds-Cat-Map-Image-Encryption/ASIC/basejump_stl/bsg_dataflow/bsg_one_fifo.v'.
Parsing design file '/home/wuc29/ee526/Arnolds-Cat-Map-Image-Encryption/ASIC/basejump_stl/bsg_dataflow/bsg_parallel_in_serial_out.v'
Parsing included file '/home/wuc29/ee526/Arnolds-Cat-Map-Image-Encryption/ASIC/basejump_stl/bsg_misc/bsg_defines.v'.
Back to file '/home/wuc29/ee526/Arnolds-Cat-Map-Image-Encryption/ASIC/basejump_stl/bsg_dataflow/bsg_parallel_in_serial_out.v'.
Parsing design file '/home/wuc29/ee526/Arnolds-Cat-Map-Image-Encryption/ASIC/basejump_stl/bsg_dataflow/bsg_serial_in_parallel_out.v'
Parsing included file '/home/wuc29/ee526/Arnolds-Cat-Map-Image-Encryption/ASIC/basejump_stl/bsg_misc/bsg_defines.v'.
Back to file '/home/wuc29/ee526/Arnolds-Cat-Map-Image-Encryption/ASIC/basejump_stl/bsg_dataflow/bsg_serial_in_parallel_out.v'.
Parsing design file '/home/wuc29/ee526/Arnolds-Cat-Map-Image-Encryption/ASIC/basejump_stl/bsg_dataflow/bsg_round_robin_1_to_n.v'
Parsing included file '/home/wuc29/ee526/Arnolds-Cat-Map-Image-Encryption/ASIC/basejump_stl/bsg_misc/bsg_defines.v'.
Back to file '/home/wuc29/ee526/Arnolds-Cat-Map-Image-Encryption/ASIC/basejump_stl/bsg_dataflow/bsg_round_robin_1_to_n.v'.
Parsing design file '/home/wuc29/ee526/Arnolds-Cat-Map-Image-Encryption/ASIC/basejump_stl/bsg_dataflow/bsg_round_robin_fifo_to_fifo.v'
Parsing included file '/home/wuc29/ee526/Arnolds-Cat-Map-Image-Encryption/ASIC/basejump_stl/bsg_misc/bsg_defines.v'.
Back to file '/home/wuc29/ee526/Arnolds-Cat-Map-Image-Encryption/ASIC/basejump_stl/bsg_dataflow/bsg_round_robin_fifo_to_fifo.v'.
Parsing design file '/home/wuc29/ee526/Arnolds-Cat-Map-Image-Encryption/ASIC/basejump_stl/bsg_dataflow/bsg_round_robin_n_to_1.v'
Parsing included file '/home/wuc29/ee526/Arnolds-Cat-Map-Image-Encryption/ASIC/basejump_stl/bsg_misc/bsg_defines.v'.
Back to file '/home/wuc29/ee526/Arnolds-Cat-Map-Image-Encryption/ASIC/basejump_stl/bsg_dataflow/bsg_round_robin_n_to_1.v'.
Parsing design file '/home/wuc29/ee526/Arnolds-Cat-Map-Image-Encryption/ASIC/basejump_stl/bsg_dataflow/bsg_sbox.v'
Parsing included file '/home/wuc29/ee526/Arnolds-Cat-Map-Image-Encryption/ASIC/basejump_stl/bsg_misc/bsg_defines.v'.
Back to file '/home/wuc29/ee526/Arnolds-Cat-Map-Image-Encryption/ASIC/basejump_stl/bsg_dataflow/bsg_sbox.v'.
Parsing design file '/home/wuc29/ee526/Arnolds-Cat-Map-Image-Encryption/ASIC/basejump_stl/bsg_dataflow/bsg_scatter_gather.v'
Parsing included file '/home/wuc29/ee526/Arnolds-Cat-Map-Image-Encryption/ASIC/basejump_stl/bsg_misc/bsg_defines.v'.
Back to file '/home/wuc29/ee526/Arnolds-Cat-Map-Image-Encryption/ASIC/basejump_stl/bsg_dataflow/bsg_scatter_gather.v'.
Parsing design file '/home/wuc29/ee526/Arnolds-Cat-Map-Image-Encryption/ASIC/basejump_stl/bsg_dataflow/bsg_serial_in_parallel_out_full.v'
Parsing included file '/home/wuc29/ee526/Arnolds-Cat-Map-Image-Encryption/ASIC/basejump_stl/bsg_misc/bsg_defines.v'.
Back to file '/home/wuc29/ee526/Arnolds-Cat-Map-Image-Encryption/ASIC/basejump_stl/bsg_dataflow/bsg_serial_in_parallel_out_full.v'.
Parsing design file '/home/wuc29/ee526/Arnolds-Cat-Map-Image-Encryption/ASIC/basejump_stl/bsg_dataflow/bsg_two_fifo.v'
Parsing included file '/home/wuc29/ee526/Arnolds-Cat-Map-Image-Encryption/ASIC/basejump_stl/bsg_misc/bsg_defines.v'.
Back to file '/home/wuc29/ee526/Arnolds-Cat-Map-Image-Encryption/ASIC/basejump_stl/bsg_dataflow/bsg_two_fifo.v'.
Parsing design file '/home/wuc29/ee526/Arnolds-Cat-Map-Image-Encryption/ASIC/basejump_stl/bsg_fsb/bsg_front_side_bus_hop_in.v'
Parsing included file '/home/wuc29/ee526/Arnolds-Cat-Map-Image-Encryption/ASIC/basejump_stl/bsg_misc/bsg_defines.v'.
Back to file '/home/wuc29/ee526/Arnolds-Cat-Map-Image-Encryption/ASIC/basejump_stl/bsg_fsb/bsg_front_side_bus_hop_in.v'.
Parsing design file '/home/wuc29/ee526/Arnolds-Cat-Map-Image-Encryption/ASIC/basejump_stl/bsg_fsb/bsg_front_side_bus_hop_out.v'
Parsing included file '/home/wuc29/ee526/Arnolds-Cat-Map-Image-Encryption/ASIC/basejump_stl/bsg_misc/bsg_defines.v'.
Back to file '/home/wuc29/ee526/Arnolds-Cat-Map-Image-Encryption/ASIC/basejump_stl/bsg_fsb/bsg_front_side_bus_hop_out.v'.
Parsing design file '/home/wuc29/ee526/Arnolds-Cat-Map-Image-Encryption/ASIC/basejump_stl/bsg_fsb/bsg_fsb.v'
Parsing design file '/home/wuc29/ee526/Arnolds-Cat-Map-Image-Encryption/ASIC/basejump_stl/bsg_fsb/bsg_fsb_murn_gateway.v'
Parsing included file '/home/wuc29/ee526/Arnolds-Cat-Map-Image-Encryption/ASIC/basejump_stl/bsg_misc/bsg_defines.v'.
Back to file '/home/wuc29/ee526/Arnolds-Cat-Map-Image-Encryption/ASIC/basejump_stl/bsg_fsb/bsg_fsb_murn_gateway.v'.
Parsing design file '/home/wuc29/ee526/Arnolds-Cat-Map-Image-Encryption/ASIC/basejump_stl/bsg_link/bsg_link_ddr_downstream.v'
Parsing included file '/home/wuc29/ee526/Arnolds-Cat-Map-Image-Encryption/ASIC/basejump_stl/bsg_misc/bsg_defines.v'.
Back to file '/home/wuc29/ee526/Arnolds-Cat-Map-Image-Encryption/ASIC/basejump_stl/bsg_link/bsg_link_ddr_downstream.v'.
Parsing design file '/home/wuc29/ee526/Arnolds-Cat-Map-Image-Encryption/ASIC/basejump_stl/bsg_link/bsg_link_ddr_upstream.v'
Parsing included file '/home/wuc29/ee526/Arnolds-Cat-Map-Image-Encryption/ASIC/basejump_stl/bsg_misc/bsg_defines.v'.
Back to file '/home/wuc29/ee526/Arnolds-Cat-Map-Image-Encryption/ASIC/basejump_stl/bsg_link/bsg_link_ddr_upstream.v'.
Parsing design file '/home/wuc29/ee526/Arnolds-Cat-Map-Image-Encryption/ASIC/basejump_stl/bsg_link/bsg_link_iddr_phy.v'
Parsing included file '/home/wuc29/ee526/Arnolds-Cat-Map-Image-Encryption/ASIC/basejump_stl/bsg_misc/bsg_defines.v'.
Back to file '/home/wuc29/ee526/Arnolds-Cat-Map-Image-Encryption/ASIC/basejump_stl/bsg_link/bsg_link_iddr_phy.v'.
Parsing design file '/home/wuc29/ee526/Arnolds-Cat-Map-Image-Encryption/ASIC/basejump_stl/bsg_link/bsg_link_oddr_phy.v'
Parsing included file '/home/wuc29/ee526/Arnolds-Cat-Map-Image-Encryption/ASIC/basejump_stl/bsg_misc/bsg_defines.v'.
Back to file '/home/wuc29/ee526/Arnolds-Cat-Map-Image-Encryption/ASIC/basejump_stl/bsg_link/bsg_link_oddr_phy.v'.
Parsing design file '/home/wuc29/ee526/Arnolds-Cat-Map-Image-Encryption/ASIC/basejump_stl/bsg_link/bsg_link_source_sync_downstream.v'
Parsing included file '/home/wuc29/ee526/Arnolds-Cat-Map-Image-Encryption/ASIC/basejump_stl/bsg_misc/bsg_defines.v'.
Back to file '/home/wuc29/ee526/Arnolds-Cat-Map-Image-Encryption/ASIC/basejump_stl/bsg_link/bsg_link_source_sync_downstream.v'.
Parsing design file '/home/wuc29/ee526/Arnolds-Cat-Map-Image-Encryption/ASIC/basejump_stl/bsg_link/bsg_link_source_sync_upstream.v'
Parsing included file '/home/wuc29/ee526/Arnolds-Cat-Map-Image-Encryption/ASIC/basejump_stl/bsg_misc/bsg_defines.v'.
Back to file '/home/wuc29/ee526/Arnolds-Cat-Map-Image-Encryption/ASIC/basejump_stl/bsg_link/bsg_link_source_sync_upstream.v'.
Parsing design file '/home/wuc29/ee526/Arnolds-Cat-Map-Image-Encryption/ASIC/basejump_stl/bsg_mem/bsg_mem_1r1w.v'
Parsing included file '/home/wuc29/ee526/Arnolds-Cat-Map-Image-Encryption/ASIC/basejump_stl/bsg_misc/bsg_defines.v'.
Back to file '/home/wuc29/ee526/Arnolds-Cat-Map-Image-Encryption/ASIC/basejump_stl/bsg_mem/bsg_mem_1r1w.v'.
Parsing design file '/home/wuc29/ee526/Arnolds-Cat-Map-Image-Encryption/ASIC/basejump_stl/bsg_mem/bsg_mem_1r1w_synth.v'
Parsing included file '/home/wuc29/ee526/Arnolds-Cat-Map-Image-Encryption/ASIC/basejump_stl/bsg_misc/bsg_defines.v'.
Back to file '/home/wuc29/ee526/Arnolds-Cat-Map-Image-Encryption/ASIC/basejump_stl/bsg_mem/bsg_mem_1r1w_synth.v'.
Parsing design file '/home/wuc29/ee526/Arnolds-Cat-Map-Image-Encryption/ASIC/basejump_stl/bsg_mem/bsg_mem_1rw_sync.v'
Parsing included file '/home/wuc29/ee526/Arnolds-Cat-Map-Image-Encryption/ASIC/basejump_stl/bsg_misc/bsg_defines.v'.
Back to file '/home/wuc29/ee526/Arnolds-Cat-Map-Image-Encryption/ASIC/basejump_stl/bsg_mem/bsg_mem_1rw_sync.v'.
Parsing design file '/home/wuc29/ee526/Arnolds-Cat-Map-Image-Encryption/ASIC/basejump_stl/bsg_mem/bsg_mem_1rw_sync_mask_write_byte.v'
Parsing included file '/home/wuc29/ee526/Arnolds-Cat-Map-Image-Encryption/ASIC/basejump_stl/bsg_misc/bsg_defines.v'.
Back to file '/home/wuc29/ee526/Arnolds-Cat-Map-Image-Encryption/ASIC/basejump_stl/bsg_mem/bsg_mem_1rw_sync_mask_write_byte.v'.
Parsing design file '/home/wuc29/ee526/Arnolds-Cat-Map-Image-Encryption/ASIC/basejump_stl/bsg_mem/bsg_mem_1rw_sync_mask_write_byte_synth.v'
Parsing included file '/home/wuc29/ee526/Arnolds-Cat-Map-Image-Encryption/ASIC/basejump_stl/bsg_misc/bsg_defines.v'.
Back to file '/home/wuc29/ee526/Arnolds-Cat-Map-Image-Encryption/ASIC/basejump_stl/bsg_mem/bsg_mem_1rw_sync_mask_write_byte_synth.v'.
Parsing design file '/home/wuc29/ee526/Arnolds-Cat-Map-Image-Encryption/ASIC/basejump_stl/bsg_mem/bsg_mem_1rw_sync_synth.v'
Parsing included file '/home/wuc29/ee526/Arnolds-Cat-Map-Image-Encryption/ASIC/basejump_stl/bsg_misc/bsg_defines.v'.
Back to file '/home/wuc29/ee526/Arnolds-Cat-Map-Image-Encryption/ASIC/basejump_stl/bsg_mem/bsg_mem_1rw_sync_synth.v'.
Parsing design file '/home/wuc29/ee526/Arnolds-Cat-Map-Image-Encryption/ASIC/basejump_stl/bsg_mem/bsg_mem_2r1w_sync.v'
Parsing included file '/home/wuc29/ee526/Arnolds-Cat-Map-Image-Encryption/ASIC/basejump_stl/bsg_misc/bsg_defines.v'.
Back to file '/home/wuc29/ee526/Arnolds-Cat-Map-Image-Encryption/ASIC/basejump_stl/bsg_mem/bsg_mem_2r1w_sync.v'.
Parsing design file '/home/wuc29/ee526/Arnolds-Cat-Map-Image-Encryption/ASIC/basejump_stl/bsg_mem/bsg_mem_2r1w_sync_synth.v'
Parsing included file '/home/wuc29/ee526/Arnolds-Cat-Map-Image-Encryption/ASIC/basejump_stl/bsg_misc/bsg_defines.v'.
Back to file '/home/wuc29/ee526/Arnolds-Cat-Map-Image-Encryption/ASIC/basejump_stl/bsg_mem/bsg_mem_2r1w_sync_synth.v'.
Parsing design file '/home/wuc29/ee526/Arnolds-Cat-Map-Image-Encryption/ASIC/basejump_stl/bsg_mem/bsg_mem_banked_crossbar.v'
Parsing included file '/home/wuc29/ee526/Arnolds-Cat-Map-Image-Encryption/ASIC/basejump_stl/bsg_misc/bsg_defines.v'.
Back to file '/home/wuc29/ee526/Arnolds-Cat-Map-Image-Encryption/ASIC/basejump_stl/bsg_mem/bsg_mem_banked_crossbar.v'.
Parsing design file '/home/wuc29/ee526/Arnolds-Cat-Map-Image-Encryption/ASIC/basejump_stl/bsg_misc/bsg_adder_cin.v'
Parsing included file '/home/wuc29/ee526/Arnolds-Cat-Map-Image-Encryption/ASIC/basejump_stl/bsg_misc/bsg_defines.v'.
Back to file '/home/wuc29/ee526/Arnolds-Cat-Map-Image-Encryption/ASIC/basejump_stl/bsg_misc/bsg_adder_cin.v'.
Parsing design file '/home/wuc29/ee526/Arnolds-Cat-Map-Image-Encryption/ASIC/basejump_stl/bsg_misc/bsg_and.v'
Parsing included file '/home/wuc29/ee526/Arnolds-Cat-Map-Image-Encryption/ASIC/basejump_stl/bsg_misc/bsg_defines.v'.
Back to file '/home/wuc29/ee526/Arnolds-Cat-Map-Image-Encryption/ASIC/basejump_stl/bsg_misc/bsg_and.v'.
Parsing design file '/home/wuc29/ee526/Arnolds-Cat-Map-Image-Encryption/ASIC/basejump_stl/bsg_misc/bsg_arb_fixed.v'
Parsing included file '/home/wuc29/ee526/Arnolds-Cat-Map-Image-Encryption/ASIC/basejump_stl/bsg_misc/bsg_defines.v'.
Back to file '/home/wuc29/ee526/Arnolds-Cat-Map-Image-Encryption/ASIC/basejump_stl/bsg_misc/bsg_arb_fixed.v'.
Parsing design file '/home/wuc29/ee526/Arnolds-Cat-Map-Image-Encryption/ASIC/basejump_stl/bsg_misc/bsg_array_reverse.v'
Parsing included file '/home/wuc29/ee526/Arnolds-Cat-Map-Image-Encryption/ASIC/basejump_stl/bsg_misc/bsg_defines.v'.
Back to file '/home/wuc29/ee526/Arnolds-Cat-Map-Image-Encryption/ASIC/basejump_stl/bsg_misc/bsg_array_reverse.v'.
Parsing design file '/home/wuc29/ee526/Arnolds-Cat-Map-Image-Encryption/ASIC/basejump_stl/bsg_misc/bsg_binary_plus_one_to_gray.v'
Parsing included file '/home/wuc29/ee526/Arnolds-Cat-Map-Image-Encryption/ASIC/basejump_stl/bsg_misc/bsg_defines.v'.
Back to file '/home/wuc29/ee526/Arnolds-Cat-Map-Image-Encryption/ASIC/basejump_stl/bsg_misc/bsg_binary_plus_one_to_gray.v'.
Parsing design file '/home/wuc29/ee526/Arnolds-Cat-Map-Image-Encryption/ASIC/basejump_stl/bsg_misc/bsg_buf.v'
Parsing included file '/home/wuc29/ee526/Arnolds-Cat-Map-Image-Encryption/ASIC/basejump_stl/bsg_misc/bsg_defines.v'.
Back to file '/home/wuc29/ee526/Arnolds-Cat-Map-Image-Encryption/ASIC/basejump_stl/bsg_misc/bsg_buf.v'.
Parsing design file '/home/wuc29/ee526/Arnolds-Cat-Map-Image-Encryption/ASIC/basejump_stl/bsg_misc/bsg_buf_ctrl.v'
Parsing included file '/home/wuc29/ee526/Arnolds-Cat-Map-Image-Encryption/ASIC/basejump_stl/bsg_misc/bsg_defines.v'.
Back to file '/home/wuc29/ee526/Arnolds-Cat-Map-Image-Encryption/ASIC/basejump_stl/bsg_misc/bsg_buf_ctrl.v'.
Parsing design file '/home/wuc29/ee526/Arnolds-Cat-Map-Image-Encryption/ASIC/basejump_stl/bsg_misc/bsg_circular_ptr.v'
Parsing included file '/home/wuc29/ee526/Arnolds-Cat-Map-Image-Encryption/ASIC/basejump_stl/bsg_misc/bsg_defines.v'.
Back to file '/home/wuc29/ee526/Arnolds-Cat-Map-Image-Encryption/ASIC/basejump_stl/bsg_misc/bsg_circular_ptr.v'.
Parsing design file '/home/wuc29/ee526/Arnolds-Cat-Map-Image-Encryption/ASIC/basejump_stl/bsg_misc/bsg_clkbuf.v'
Parsing included file '/home/wuc29/ee526/Arnolds-Cat-Map-Image-Encryption/ASIC/basejump_stl/bsg_misc/bsg_defines.v'.
Back to file '/home/wuc29/ee526/Arnolds-Cat-Map-Image-Encryption/ASIC/basejump_stl/bsg_misc/bsg_clkbuf.v'.
Parsing design file '/home/wuc29/ee526/Arnolds-Cat-Map-Image-Encryption/ASIC/basejump_stl/bsg_misc/bsg_counter_clear_up.v'
Parsing included file '/home/wuc29/ee526/Arnolds-Cat-Map-Image-Encryption/ASIC/basejump_stl/bsg_misc/bsg_defines.v'.
Back to file '/home/wuc29/ee526/Arnolds-Cat-Map-Image-Encryption/ASIC/basejump_stl/bsg_misc/bsg_counter_clear_up.v'.
Parsing design file '/home/wuc29/ee526/Arnolds-Cat-Map-Image-Encryption/ASIC/basejump_stl/bsg_misc/bsg_counter_up_down.v'
Parsing included file '/home/wuc29/ee526/Arnolds-Cat-Map-Image-Encryption/ASIC/basejump_stl/bsg_misc/bsg_defines.v'.
Back to file '/home/wuc29/ee526/Arnolds-Cat-Map-Image-Encryption/ASIC/basejump_stl/bsg_misc/bsg_counter_up_down.v'.
Parsing design file '/home/wuc29/ee526/Arnolds-Cat-Map-Image-Encryption/ASIC/basejump_stl/bsg_misc/bsg_counter_up_down_variable.v'
Parsing included file '/home/wuc29/ee526/Arnolds-Cat-Map-Image-Encryption/ASIC/basejump_stl/bsg_misc/bsg_defines.v'.
Back to file '/home/wuc29/ee526/Arnolds-Cat-Map-Image-Encryption/ASIC/basejump_stl/bsg_misc/bsg_counter_up_down_variable.v'.
Parsing design file '/home/wuc29/ee526/Arnolds-Cat-Map-Image-Encryption/ASIC/basejump_stl/bsg_misc/bsg_crossbar_o_by_i.v'
Parsing included file '/home/wuc29/ee526/Arnolds-Cat-Map-Image-Encryption/ASIC/basejump_stl/bsg_misc/bsg_defines.v'.
Back to file '/home/wuc29/ee526/Arnolds-Cat-Map-Image-Encryption/ASIC/basejump_stl/bsg_misc/bsg_crossbar_o_by_i.v'.
Parsing design file '/home/wuc29/ee526/Arnolds-Cat-Map-Image-Encryption/ASIC/basejump_stl/bsg_misc/bsg_cycle_counter.v'
Parsing included file '/home/wuc29/ee526/Arnolds-Cat-Map-Image-Encryption/ASIC/basejump_stl/bsg_misc/bsg_defines.v'.
Back to file '/home/wuc29/ee526/Arnolds-Cat-Map-Image-Encryption/ASIC/basejump_stl/bsg_misc/bsg_cycle_counter.v'.
Parsing design file '/home/wuc29/ee526/Arnolds-Cat-Map-Image-Encryption/ASIC/basejump_stl/bsg_misc/bsg_decode.v'
Parsing included file '/home/wuc29/ee526/Arnolds-Cat-Map-Image-Encryption/ASIC/basejump_stl/bsg_misc/bsg_defines.v'.
Back to file '/home/wuc29/ee526/Arnolds-Cat-Map-Image-Encryption/ASIC/basejump_stl/bsg_misc/bsg_decode.v'.
Parsing design file '/home/wuc29/ee526/Arnolds-Cat-Map-Image-Encryption/ASIC/basejump_stl/bsg_misc/bsg_decode_with_v.v'
Parsing included file '/home/wuc29/ee526/Arnolds-Cat-Map-Image-Encryption/ASIC/basejump_stl/bsg_misc/bsg_defines.v'.
Back to file '/home/wuc29/ee526/Arnolds-Cat-Map-Image-Encryption/ASIC/basejump_stl/bsg_misc/bsg_decode_with_v.v'.
Parsing design file '/home/wuc29/ee526/Arnolds-Cat-Map-Image-Encryption/ASIC/basejump_stl/bsg_misc/bsg_dff.v'
Parsing included file '/home/wuc29/ee526/Arnolds-Cat-Map-Image-Encryption/ASIC/basejump_stl/bsg_misc/bsg_defines.v'.
Back to file '/home/wuc29/ee526/Arnolds-Cat-Map-Image-Encryption/ASIC/basejump_stl/bsg_misc/bsg_dff.v'.
Parsing design file '/home/wuc29/ee526/Arnolds-Cat-Map-Image-Encryption/ASIC/basejump_stl/bsg_misc/bsg_dff_en.v'
Parsing included file '/home/wuc29/ee526/Arnolds-Cat-Map-Image-Encryption/ASIC/basejump_stl/bsg_misc/bsg_defines.v'.
Back to file '/home/wuc29/ee526/Arnolds-Cat-Map-Image-Encryption/ASIC/basejump_stl/bsg_misc/bsg_dff_en.v'.
Parsing design file '/home/wuc29/ee526/Arnolds-Cat-Map-Image-Encryption/ASIC/basejump_stl/bsg_misc/bsg_dff_reset.v'
Parsing included file '/home/wuc29/ee526/Arnolds-Cat-Map-Image-Encryption/ASIC/basejump_stl/bsg_misc/bsg_defines.v'.
Back to file '/home/wuc29/ee526/Arnolds-Cat-Map-Image-Encryption/ASIC/basejump_stl/bsg_misc/bsg_dff_reset.v'.
Parsing design file '/home/wuc29/ee526/Arnolds-Cat-Map-Image-Encryption/ASIC/basejump_stl/bsg_misc/bsg_dff_reset_en.v'
Parsing included file '/home/wuc29/ee526/Arnolds-Cat-Map-Image-Encryption/ASIC/basejump_stl/bsg_misc/bsg_defines.v'.
Back to file '/home/wuc29/ee526/Arnolds-Cat-Map-Image-Encryption/ASIC/basejump_stl/bsg_misc/bsg_dff_reset_en.v'.
Parsing design file '/home/wuc29/ee526/Arnolds-Cat-Map-Image-Encryption/ASIC/basejump_stl/bsg_misc/bsg_encode_one_hot.v'
Parsing included file '/home/wuc29/ee526/Arnolds-Cat-Map-Image-Encryption/ASIC/basejump_stl/bsg_misc/bsg_defines.v'.
Back to file '/home/wuc29/ee526/Arnolds-Cat-Map-Image-Encryption/ASIC/basejump_stl/bsg_misc/bsg_encode_one_hot.v'.
Parsing design file '/home/wuc29/ee526/Arnolds-Cat-Map-Image-Encryption/ASIC/basejump_stl/bsg_misc/bsg_gray_to_binary.v'
Parsing included file '/home/wuc29/ee526/Arnolds-Cat-Map-Image-Encryption/ASIC/basejump_stl/bsg_misc/bsg_defines.v'.
Back to file '/home/wuc29/ee526/Arnolds-Cat-Map-Image-Encryption/ASIC/basejump_stl/bsg_misc/bsg_gray_to_binary.v'.
Parsing design file '/home/wuc29/ee526/Arnolds-Cat-Map-Image-Encryption/ASIC/basejump_stl/bsg_misc/bsg_idiv_iterative.v'
Parsing included file '/home/wuc29/ee526/Arnolds-Cat-Map-Image-Encryption/ASIC/basejump_stl/bsg_misc/bsg_defines.v'.
Back to file '/home/wuc29/ee526/Arnolds-Cat-Map-Image-Encryption/ASIC/basejump_stl/bsg_misc/bsg_idiv_iterative.v'.
Parsing design file '/home/wuc29/ee526/Arnolds-Cat-Map-Image-Encryption/ASIC/basejump_stl/bsg_misc/bsg_idiv_iterative_controller.v'
Parsing included file '/home/wuc29/ee526/Arnolds-Cat-Map-Image-Encryption/ASIC/basejump_stl/bsg_misc/bsg_defines.v'.
Back to file '/home/wuc29/ee526/Arnolds-Cat-Map-Image-Encryption/ASIC/basejump_stl/bsg_misc/bsg_idiv_iterative_controller.v'.
Parsing design file '/home/wuc29/ee526/Arnolds-Cat-Map-Image-Encryption/ASIC/basejump_stl/bsg_misc/bsg_imul_iterative.v'
Parsing included file '/home/wuc29/ee526/Arnolds-Cat-Map-Image-Encryption/ASIC/basejump_stl/bsg_misc/bsg_defines.v'.
Back to file '/home/wuc29/ee526/Arnolds-Cat-Map-Image-Encryption/ASIC/basejump_stl/bsg_misc/bsg_imul_iterative.v'.
Parsing design file '/home/wuc29/ee526/Arnolds-Cat-Map-Image-Encryption/ASIC/basejump_stl/bsg_misc/bsg_mux.v'
Parsing included file '/home/wuc29/ee526/Arnolds-Cat-Map-Image-Encryption/ASIC/basejump_stl/bsg_misc/bsg_defines.v'.
Back to file '/home/wuc29/ee526/Arnolds-Cat-Map-Image-Encryption/ASIC/basejump_stl/bsg_misc/bsg_mux.v'.
Parsing design file '/home/wuc29/ee526/Arnolds-Cat-Map-Image-Encryption/ASIC/basejump_stl/bsg_misc/bsg_mux_one_hot.v'
Parsing included file '/home/wuc29/ee526/Arnolds-Cat-Map-Image-Encryption/ASIC/basejump_stl/bsg_misc/bsg_defines.v'.
Back to file '/home/wuc29/ee526/Arnolds-Cat-Map-Image-Encryption/ASIC/basejump_stl/bsg_misc/bsg_mux_one_hot.v'.
Parsing design file '/home/wuc29/ee526/Arnolds-Cat-Map-Image-Encryption/ASIC/basejump_stl/bsg_misc/bsg_nor2.v'
Parsing included file '/home/wuc29/ee526/Arnolds-Cat-Map-Image-Encryption/ASIC/basejump_stl/bsg_misc/bsg_defines.v'.
Back to file '/home/wuc29/ee526/Arnolds-Cat-Map-Image-Encryption/ASIC/basejump_stl/bsg_misc/bsg_nor2.v'.
Parsing design file '/home/wuc29/ee526/Arnolds-Cat-Map-Image-Encryption/ASIC/basejump_stl/bsg_misc/bsg_popcount.v'
Parsing included file '/home/wuc29/ee526/Arnolds-Cat-Map-Image-Encryption/ASIC/basejump_stl/bsg_misc/bsg_defines.v'.
Back to file '/home/wuc29/ee526/Arnolds-Cat-Map-Image-Encryption/ASIC/basejump_stl/bsg_misc/bsg_popcount.v'.
Parsing design file '/home/wuc29/ee526/Arnolds-Cat-Map-Image-Encryption/ASIC/basejump_stl/bsg_misc/bsg_priority_encode.v'
Parsing included file '/home/wuc29/ee526/Arnolds-Cat-Map-Image-Encryption/ASIC/basejump_stl/bsg_misc/bsg_defines.v'.
Back to file '/home/wuc29/ee526/Arnolds-Cat-Map-Image-Encryption/ASIC/basejump_stl/bsg_misc/bsg_priority_encode.v'.
Parsing design file '/home/wuc29/ee526/Arnolds-Cat-Map-Image-Encryption/ASIC/basejump_stl/bsg_misc/bsg_priority_encode_one_hot_out.v'
Parsing included file '/home/wuc29/ee526/Arnolds-Cat-Map-Image-Encryption/ASIC/basejump_stl/bsg_misc/bsg_defines.v'.
Back to file '/home/wuc29/ee526/Arnolds-Cat-Map-Image-Encryption/ASIC/basejump_stl/bsg_misc/bsg_priority_encode_one_hot_out.v'.
Parsing design file '/home/wuc29/ee526/Arnolds-Cat-Map-Image-Encryption/ASIC/basejump_stl/bsg_misc/bsg_rotate_right.v'
Parsing included file '/home/wuc29/ee526/Arnolds-Cat-Map-Image-Encryption/ASIC/basejump_stl/bsg_misc/bsg_defines.v'.
Back to file '/home/wuc29/ee526/Arnolds-Cat-Map-Image-Encryption/ASIC/basejump_stl/bsg_misc/bsg_rotate_right.v'.
Parsing design file '/home/wuc29/ee526/Arnolds-Cat-Map-Image-Encryption/ASIC/basejump_stl/bsg_misc/bsg_round_robin_arb.v'
Parsing included file '/home/wuc29/ee526/Arnolds-Cat-Map-Image-Encryption/ASIC/basejump_stl/bsg_misc/bsg_defines.v'.
Back to file '/home/wuc29/ee526/Arnolds-Cat-Map-Image-Encryption/ASIC/basejump_stl/bsg_misc/bsg_round_robin_arb.v'.
Parsing design file '/home/wuc29/ee526/Arnolds-Cat-Map-Image-Encryption/ASIC/basejump_stl/bsg_misc/bsg_scan.v'
Parsing included file '/home/wuc29/ee526/Arnolds-Cat-Map-Image-Encryption/ASIC/basejump_stl/bsg_misc/bsg_defines.v'.
Back to file '/home/wuc29/ee526/Arnolds-Cat-Map-Image-Encryption/ASIC/basejump_stl/bsg_misc/bsg_scan.v'.
Parsing design file '/home/wuc29/ee526/Arnolds-Cat-Map-Image-Encryption/ASIC/basejump_stl/bsg_misc/bsg_thermometer_count.v'
Parsing included file '/home/wuc29/ee526/Arnolds-Cat-Map-Image-Encryption/ASIC/basejump_stl/bsg_misc/bsg_defines.v'.
Back to file '/home/wuc29/ee526/Arnolds-Cat-Map-Image-Encryption/ASIC/basejump_stl/bsg_misc/bsg_thermometer_count.v'.
Parsing design file '/home/wuc29/ee526/Arnolds-Cat-Map-Image-Encryption/ASIC/basejump_stl/bsg_misc/bsg_tiehi.v'
Parsing included file '/home/wuc29/ee526/Arnolds-Cat-Map-Image-Encryption/ASIC/basejump_stl/bsg_misc/bsg_defines.v'.
Back to file '/home/wuc29/ee526/Arnolds-Cat-Map-Image-Encryption/ASIC/basejump_stl/bsg_misc/bsg_tiehi.v'.
Parsing design file '/home/wuc29/ee526/Arnolds-Cat-Map-Image-Encryption/ASIC/basejump_stl/bsg_misc/bsg_tielo.v'
Parsing included file '/home/wuc29/ee526/Arnolds-Cat-Map-Image-Encryption/ASIC/basejump_stl/bsg_misc/bsg_defines.v'.
Back to file '/home/wuc29/ee526/Arnolds-Cat-Map-Image-Encryption/ASIC/basejump_stl/bsg_misc/bsg_tielo.v'.
Parsing design file '/home/wuc29/ee526/Arnolds-Cat-Map-Image-Encryption/ASIC/basejump_stl/bsg_misc/bsg_transpose.v'
Parsing included file '/home/wuc29/ee526/Arnolds-Cat-Map-Image-Encryption/ASIC/basejump_stl/bsg_misc/bsg_defines.v'.
Back to file '/home/wuc29/ee526/Arnolds-Cat-Map-Image-Encryption/ASIC/basejump_stl/bsg_misc/bsg_transpose.v'.
Parsing design file '/home/wuc29/ee526/Arnolds-Cat-Map-Image-Encryption/ASIC/basejump_stl/bsg_misc/bsg_xnor.v'
Parsing included file '/home/wuc29/ee526/Arnolds-Cat-Map-Image-Encryption/ASIC/basejump_stl/bsg_misc/bsg_defines.v'.
Back to file '/home/wuc29/ee526/Arnolds-Cat-Map-Image-Encryption/ASIC/basejump_stl/bsg_misc/bsg_xnor.v'.
Parsing design file '/home/wuc29/ee526/Arnolds-Cat-Map-Image-Encryption/ASIC/basejump_stl/bsg_noc/bsg_mesh_router.v'
Parsing included file '/home/wuc29/ee526/Arnolds-Cat-Map-Image-Encryption/ASIC/basejump_stl/bsg_misc/bsg_defines.v'.
Back to file '/home/wuc29/ee526/Arnolds-Cat-Map-Image-Encryption/ASIC/basejump_stl/bsg_noc/bsg_mesh_router.v'.
Parsing design file '/home/wuc29/ee526/Arnolds-Cat-Map-Image-Encryption/ASIC/basejump_stl/bsg_noc/bsg_mesh_router_buffered.v'
Parsing included file '/home/wuc29/ee526/Arnolds-Cat-Map-Image-Encryption/ASIC/basejump_stl/bsg_misc/bsg_defines.v'.
Back to file '/home/wuc29/ee526/Arnolds-Cat-Map-Image-Encryption/ASIC/basejump_stl/bsg_noc/bsg_mesh_router_buffered.v'.
Parsing included file '/home/wuc29/ee526/Arnolds-Cat-Map-Image-Encryption/ASIC/basejump_stl/bsg_noc/bsg_noc_links.vh'.
Back to file '/home/wuc29/ee526/Arnolds-Cat-Map-Image-Encryption/ASIC/basejump_stl/bsg_noc/bsg_mesh_router_buffered.v'.
Parsing design file '/home/wuc29/ee526/Arnolds-Cat-Map-Image-Encryption/ASIC/basejump_stl/bsg_noc/bsg_mesh_stitch.v'
Parsing included file '/home/wuc29/ee526/Arnolds-Cat-Map-Image-Encryption/ASIC/basejump_stl/bsg_misc/bsg_defines.v'.
Back to file '/home/wuc29/ee526/Arnolds-Cat-Map-Image-Encryption/ASIC/basejump_stl/bsg_noc/bsg_mesh_stitch.v'.
Parsing design file '../common/v/bsg_guts.v'
Parsing included file '/home/wuc29/ee526/Arnolds-Cat-Map-Image-Encryption/ASIC/basejump_stl/bsg_noc/bsg_noc_links.vh'.
Back to file '../common/v/bsg_guts.v'.
Parsing design file '../common/v/packaging/bsg_iopad_macros.v'
Parsing design file '../common/v/packaging/bsg_iopad_mapping.v'
Parsing design file '../common/v/packaging/bsg_iopads.v'
Parsing design file '../common/v/packaging/bsg_pinout.v'
Parsing design file 'v/bsg_chip.v'
Parsing included file '../common/v/packaging/bsg_pinout.v'.
Back to file 'v/bsg_chip.v'.
Parsing design file 'v/bsg_test_node_client.v'
Parsing design file 'v/bsg_acm.v'
Parsing design file 'v/bsg_acm_ctrl.v'
Parsing design file 'v/bsg_acm_input_data_channel.v'
Parsing design file 'v/bsg_acm_output_data_channel.v'
Parsing design file 'v/bsg_acm_cell_array.v'
Parsing design file '../bsg_acm_cell/v/bsg_acm_cell.v'
Parsing design file '/home/wuc29/ee526/Arnolds-Cat-Map-Image-Encryption/ASIC/basejump_stl/bsg_test/bsg_nonsynth_clock_gen.v'
Parsing included file '/home/wuc29/ee526/Arnolds-Cat-Map-Image-Encryption/ASIC/basejump_stl/bsg_misc/bsg_defines.v'.
Back to file '/home/wuc29/ee526/Arnolds-Cat-Map-Image-Encryption/ASIC/basejump_stl/bsg_test/bsg_nonsynth_clock_gen.v'.
Parsing design file '/home/wuc29/ee526/Arnolds-Cat-Map-Image-Encryption/ASIC/basejump_stl/bsg_test/bsg_nonsynth_reset_gen.v'
Parsing included file '/home/wuc29/ee526/Arnolds-Cat-Map-Image-Encryption/ASIC/basejump_stl/bsg_misc/bsg_defines.v'.
Back to file '/home/wuc29/ee526/Arnolds-Cat-Map-Image-Encryption/ASIC/basejump_stl/bsg_test/bsg_nonsynth_reset_gen.v'.
Parsing design file '/home/wuc29/ee526/Arnolds-Cat-Map-Image-Encryption/ASIC/basejump_stl/bsg_test/bsg_nonsynth_val_watcher_1p.v'
Parsing included file '/home/wuc29/ee526/Arnolds-Cat-Map-Image-Encryption/ASIC/basejump_stl/bsg_misc/bsg_defines.v'.
Back to file '/home/wuc29/ee526/Arnolds-Cat-Map-Image-Encryption/ASIC/basejump_stl/bsg_test/bsg_nonsynth_val_watcher_1p.v'.
Parsing design file '/home/wuc29/ee526/Arnolds-Cat-Map-Image-Encryption/ASIC/basejump_stl/bsg_test/bsg_trace_replay.v'
Parsing included file '/home/wuc29/ee526/Arnolds-Cat-Map-Image-Encryption/ASIC/basejump_stl/bsg_misc/bsg_defines.v'.
Back to file '/home/wuc29/ee526/Arnolds-Cat-Map-Image-Encryption/ASIC/basejump_stl/bsg_test/bsg_trace_replay.v'.
Parsing design file '/home/wuc29/ee526/Arnolds-Cat-Map-Image-Encryption/ASIC/basejump_stl/bsg_test/test_bsg_data_gen.v'
Parsing included file '/home/wuc29/ee526/Arnolds-Cat-Map-Image-Encryption/ASIC/basejump_stl/bsg_misc/bsg_defines.v'.
Back to file '/home/wuc29/ee526/Arnolds-Cat-Map-Image-Encryption/ASIC/basejump_stl/bsg_test/test_bsg_data_gen.v'.
Parsing design file '../common/v/boards/bsg_double_trouble_pcb.v'
Parsing design file '../common/v/boards/bsg_asic_socket.v'
Parsing design file '../common/v/boards/bsg_gateway_socket.v'
Parsing design file '../common/v/manycore/bsg_manycore_spmd_loader.v'
Parsing included file '../common/v/manycore/bsg_manycore_packet.vh'.
Parsing included file '/home/wuc29/ee526/Arnolds-Cat-Map-Image-Encryption/ASIC/basejump_stl/bsg_noc/bsg_noc_links.vh'.
Back to file '../common/v/manycore/bsg_manycore_packet.vh'.
Back to file '../common/v/manycore/bsg_manycore_spmd_loader.v'.
Parsing design file '../common/v/manycore/bsg_manycore_vscale_pipeline_trace.v'
Parsing design file '../common/v/manycore/bsg_nonsynth_manycore_io_complex.v'
Parsing included file '../common/v/manycore/bsg_manycore_packet.vh'.
Back to file '../common/v/manycore/bsg_nonsynth_manycore_io_complex.v'.
Parsing design file '../common/v/manycore/bsg_nonsynth_manycore_monitor.v'
Parsing included file '../common/v/manycore/bsg_manycore_packet.vh'.
Back to file '../common/v/manycore/bsg_nonsynth_manycore_monitor.v'.
Parsing design file '../common/v/manycore/bsg_1hold.v'
Parsing design file '../common/v/manycore/bsg_manycore_endpoint.v'
Parsing design file '../common/v/manycore/bsg_manycore_endpoint_standard.v'
Parsing included file '../common/v/manycore/bsg_manycore_packet.vh'.
Back to file '../common/v/manycore/bsg_manycore_endpoint_standard.v'.
Parsing design file '../common/v/manycore/bsg_manycore_links_to_fsb.v'
Parsing design file '../common/v/manycore/bsg_manycore_pkt_decode.v'
Parsing included file '../common/v/manycore/bsg_manycore_packet.vh'.
Back to file '../common/v/manycore/bsg_manycore_pkt_decode.v'.
Parsing design file '../common/v/manycore/bsg_manycore_swap_ctrl.v'
Parsing design file 'v/bsg_gateway_chip.v'
Parsing included file '../common/v/packaging/bsg_pinout_inverted.v'.
Back to file 'v/bsg_gateway_chip.v'.
Parsing design file 'v/bsg_test_node_master.v'
Parsing design file '/home/wuc29/ee526/Arnolds-Cat-Map-Image-Encryption/ASIC/decryptor/bsg_acm/build/sim-rtl-rundir/bsg_trace_master_0_rom.v'
Top Level Modules:
       bsg_double_trouble_pcb
TimeScale is 1 ps / 1 ps
Notice: Ports coerced to inout, use -notice for details
Starting vcs inline pass...

20 modules and 0 UDP read.
recompiling package bsg_fsb_pkg
recompiling package bsg_noc_pkg
recompiling package bsg_mesh_router_pkg
recompiling package bsg_wormhole_router_pkg
recompiling module bsg_wormhole_router
recompiling module bsg_ready_and_link_async_to_wormhole
recompiling module bsg_wormhole_router_decoder_dor
recompiling module bsg_wormhole_router_output_control
recompiling module bsg_async_fifo
recompiling module bsg_flatten_2D_array
recompiling module bsg_make_2D_array
recompiling module bsg_two_fifo
recompiling module bsg_link_ddr_downstream
recompiling module bsg_link_ddr_upstream
recompiling module bsg_gray_to_binary
recompiling module bsg_mux_one_hot
recompiling module bsg_transpose
recompiling module log_exp_base5
recompiling module bsg_nonsynth_clock_gen
recompiling module bsg_double_trouble_pcb
All of 20 modules done
make[1]: Entering directory `/home/wuc29/ee526/Arnolds-Cat-Map-Image-Encryption/ASIC/decryptor/bsg_acm/build/sim-rtl-rundir'
make[1]: Leaving directory `/home/wuc29/ee526/Arnolds-Cat-Map-Image-Encryption/ASIC/decryptor/bsg_acm/build/sim-rtl-rundir'
make[1]: Entering directory `/home/wuc29/ee526/Arnolds-Cat-Map-Image-Encryption/ASIC/decryptor/bsg_acm/build/sim-rtl-rundir'
rm -f _cuarc*.so _csrc*.so pre_vcsobj_*.so share_vcsobj_*.so
if [ -x /home/wuc29/ee526/Arnolds-Cat-Map-Image-Encryption/ASIC/decryptor/bsg_acm/build/sim-rtl-rundir/simv ]; then chmod a-x /home/wuc29/ee526/Arnolds-Cat-Map-Image-Encryption/ASIC/decryptor/bsg_acm/build/sim-rtl-rundir/simv; fi
g++  -o /home/wuc29/ee526/Arnolds-Cat-Map-Image-Encryption/ASIC/decryptor/bsg_acm/build/sim-rtl-rundir/simv    -rdynamic  -Wl,-rpath='$ORIGIN'/simv.daidir -Wl,-rpath=./simv.daidir -Wl,-rpath=/home/projects/ee477.2023wtr/cad/synopsys/vcs/Q-2020.03-SP1/linux64/lib -L/home/projects/ee477.2023wtr/cad/synopsys/vcs/Q-2020.03-SP1/linux64/lib  -Wl,-rpath-link=./  /usr/lib64/libnuma.so.1   objs/amcQw_d.o   _28952_archive_1.so  SIM_l.o      rmapats_mop.o rmapats.o rmar.o rmar_nd.o  rmar_llvm_0_1.o rmar_llvm_0_0.o          -lvirsim -lerrorinf -lsnpsmalloc -lvfs    -lvcsnew -lsimprofile -luclinative /home/projects/ee477.2023wtr/cad/synopsys/vcs/Q-2020.03-SP1/linux64/lib/vcs_tls.o   -Wl,-whole-archive -lvcsucli -Wl,-no-whole-archive        _vcs_pli_stub_.o   /home/projects/ee477.2023wtr/cad/synopsys/vcs/Q-2020.03-SP1/linux64/lib/vcs_save_restore_new.o /home/projects/ee477.2023wtr/cad/synopsys/verdi/Q-2020.03-SP2-8/share/PLI/VCS/LINUX64/pli.a -ldl  -lc -lm -lpthread -ldl 
/home/wuc29/ee526/Arnolds-Cat-Map-Image-Encryption/ASIC/decryptor/bsg_acm/build/sim-rtl-rundir/simv up to date
make[1]: Leaving directory `/home/wuc29/ee526/Arnolds-Cat-Map-Image-Encryption/ASIC/decryptor/bsg_acm/build/sim-rtl-rundir'
CPU time: 2.736 seconds to compile + .522 seconds to elab + .410 seconds to link
Verdi KDB elaboration done and the database successfully generated: 0 error(s), 0 warning(s)
